<?xml version="1.0" encoding="UTF-8"?>
<testsuite name="CallCallOrderingTest" tests="1" skipped="0" failures="0" errors="0" timestamp="2025-05-09T11:31:40" hostname="DESKTOP-ETGBCE2" time="12.192">
  <properties/>
  <testcase name="shouldTestNoValid()" classname="CallCallOrderingTest" time="12.192"/>
  <system-out><![CDATA[]]></system-out>
  <system-err><![CDATA[SLF4J(W): No SLF4J providers were found.
SLF4J(W): Defaulting to no-operation (NOP) logger implementation
SLF4J(W): See https://www.slf4j.org/codes.html#noProviders for further details.
мая 09, 2025 2:31:41 PM org.openqa.selenium.devtools.CdpVersionFinder findNearestMatch
WARNING: Unable to find CDP implementation matching 136
мая 09, 2025 2:31:41 PM org.openqa.selenium.chromium.ChromiumDriver lambda$new$5
WARNING: Unable to find version of CDP to use for 136.0.7103.93. You may need to include a dependency on a specific version of the CDP using something similar to `org.seleniumhq.selenium:selenium-devtools-v86:4.18.1` where the version ("v86") matches the version of the chromium-based browser you're using and the version number of the artifact is the same as Selenium's.
]]></system-err>
</testsuite>
